{"name":"test006","id":"com.productapp.junit.productinfo.ProductsCRUDTest:test006","testCaseName":"com.productapp.junit.productinfo.ProductsCRUDTest","testSteps":[{"number":1,"description":"Updating the productname information using productid : 97 ,product name:Fridge_Updated","duration":52,"startTime":"2019-11-13T22:30:03.871Z[Europe/London]","exception":{"errorType":"java.lang.AssertionError","message":"1 expectation failed.\nExpected status code \u003c204\u003e but was \u003c200\u003e.\n","stackTrace":[{"declaringClass":"io.restassured.internal.ResponseSpecificationImpl","methodName":"validateResponseIfRequired","fileName":"ResponseSpecificationImpl.groovy","lineNumber":643},{"declaringClass":"io.restassured.internal.ResponseSpecificationImpl","methodName":"statusCode","fileName":"ResponseSpecificationImpl.groovy","lineNumber":122},{"declaringClass":"io.restassured.internal.ResponseSpecificationImpl","methodName":"statusCode","fileName":"ResponseSpecificationImpl.groovy","lineNumber":130},{"declaringClass":"io.restassured.internal.ValidatableResponseOptionsImpl","methodName":"statusCode","fileName":"ValidatableResponseOptionsImpl.java","lineNumber":117},{"declaringClass":"com.productapp.cucumber.serenity.ProductSerenitySteps","methodName":"updateProductName","fileName":"ProductSerenitySteps.java","lineNumber":104},{"declaringClass":"com.productapp.junit.productinfo.ProductsCRUDTest","methodName":"test006","fileName":"ProductsCRUDTest.java","lineNumber":82}]},"result":"FAILURE","precondition":false,"children":[{"number":2,"description":"PUT http://localhost:5000/v1/product/97","duration":1,"startTime":"2019-11-13T22:30:03.917Z[Europe/London]","result":"SUCCESS","restQuery":{"method":"PUT","path":"http://localhost:5000/v1/product/97","content":"{\n    \"name\": \"Fridge_Updated\",\n    \"price\": 0.0,\n    \"product_code\": 0\n}","contentType":"application/json","requestHeaders":"Accept\u003d*/*\n\t\t\t\tContent-Type\u003dapplication/json; charset\u003dUTF-8","requestCookies":"","responseHeaders":"Content-Length: 0\nContent-Type: application/json\nDate: Wed, 13 Nov 2019 22:30:03 GMT\nServer: waitress","responseCookies":"","responseBody":"","statusCode":200},"precondition":false}]},{"number":3,"description":"Getting the student information with first name:Fridge_Updated","duration":1,"startTime":"2019-11-13T22:30:03.940Z[Europe/London]","result":"SKIPPED","precondition":false}],"userStory":{"id":"com.productapp.junit.productinfo.ProductsCRUDTest","storyName":"Products CRUD test","storyClassName":"com.productapp.junit.productinfo.ProductsCRUDTest","path":"productinfo","type":"story"},"featureTag":{"name":"Products CRUD test","type":"story"},"title":"Update the product name and verify the updated information,Expected status code 204 but was 200 which is a defect!","tags":[{"name":"Productinfo/Products CRUD test","type":"story"},{"name":"Productinfo","type":"feature"}],"startTime":"2019-11-13T22:30:03.667Z[Europe/London]","duration":288,"testFailureCause":{"errorType":"java.lang.AssertionError","message":"1 expectation failed.\nExpected status code \u003c204\u003e but was \u003c200\u003e.\n","stackTrace":[{"declaringClass":"io.restassured.internal.ResponseSpecificationImpl","methodName":"validateResponseIfRequired","fileName":"ResponseSpecificationImpl.groovy","lineNumber":643},{"declaringClass":"io.restassured.internal.ResponseSpecificationImpl","methodName":"statusCode","fileName":"ResponseSpecificationImpl.groovy","lineNumber":122},{"declaringClass":"io.restassured.internal.ResponseSpecificationImpl","methodName":"statusCode","fileName":"ResponseSpecificationImpl.groovy","lineNumber":130},{"declaringClass":"io.restassured.internal.ValidatableResponseOptionsImpl","methodName":"statusCode","fileName":"ValidatableResponseOptionsImpl.java","lineNumber":117},{"declaringClass":"com.productapp.cucumber.serenity.ProductSerenitySteps","methodName":"updateProductName","fileName":"ProductSerenitySteps.java","lineNumber":104},{"declaringClass":"com.productapp.junit.productinfo.ProductsCRUDTest","methodName":"test006","fileName":"ProductsCRUDTest.java","lineNumber":82}]},"testFailureClassname":"java.lang.AssertionError","testFailureMessage":"1 expectation failed.\nExpected status code \u003c204\u003e but was \u003c200\u003e.\n","testFailureSummary":"FAILURE;java.lang.AssertionError;1 expectation failed.\nExpected status code \u003c204\u003e but was \u003c200\u003e.\n;ResponseSpecificationImpl.groovy","projectKey":"","annotatedResult":"FAILURE","manual":false,"testSource":"JUnit","result":"FAILURE"}